<?xml version="1.0" encoding="UTF-8"?>
<testsuite name="Login functionality on OrangeHRM" tests="2" skipped="0" failures="0" errors="0" timestamp="2024-12-21T15:53:43" hostname="WCAR-C02F74K9" time="12.49">
  <properties/>
  <testcase name="Login attempt with invalid credentials" classname="Login functionality on OrangeHRM" time="10.99"/>
  <testcase name="Successful login with valid credentials" classname="Login functionality on OrangeHRM" time="1.5"/>
  <system-out><![CDATA[
  .   ____          _            __ _ _
 /\\ / ___'_ __ _ _(_)_ __  __ _ \ \ \ \
( ( )\___ | '_ | '_| | '_ \/ _` | \ \ \ \
 \\/  ___)| |_)| | | | | || (_| |  ) ) ) )
  '  |____| .__|_| |_|_| |_\__, | / / / /
 =========|_|==============|___/=/_/_/_/
 :: Spring Boot ::                (v3.2.1)

2024-12-21T16:53:44.403+01:00  INFO 22633 --- [    Test worker] c.o.hrm.e2e.CucumberSpringConfiguration  : Starting CucumberSpringConfiguration using Java 17.0.10 with PID 22633 (started by ab000367 in /Users/ab000367/Personal/Chalmers/Quality assurance and testing/orangehrm-e2e)
2024-12-21T16:53:44.407+01:00  INFO 22633 --- [    Test worker] c.o.hrm.e2e.CucumberSpringConfiguration  : No active profile set, falling back to 1 default profile: "default"
2024-12-21T16:53:45.392+01:00  INFO 22633 --- [    Test worker] o.s.cloud.context.scope.GenericScope     : BeanFactory id=724e8821-0be0-3a60-9bbd-68e6efcfd658
2024-12-21T16:53:46.103+01:00  INFO 22633 --- [    Test worker] c.o.hrm.e2e.CucumberSpringConfiguration  : Started CucumberSpringConfiguration in 2.161 seconds (process running for 4.384)
2024-12-21T16:53:47.328+01:00  INFO 22633 --- [    Test worker] com.orange.hrm.e2e.Hooks                 : Starting scenario: Login attempt with invalid credentials
2024-12-21T16:53:50.680+01:00  WARN 22633 --- [    Test worker] o.o.selenium.devtools.CdpVersionFinder   : Unable to find CDP implementation matching 131
2024-12-21T16:53:50.681+01:00  WARN 22633 --- [    Test worker] o.o.selenium.chromium.ChromiumDriver     : Unable to find version of CDP to use for 131.0.6778.205. You may need to include a dependency on a specific version of the CDP using something similar to `org.seleniumhq.selenium:selenium-devtools-v86:4.14.1` where the version ("v86") matches the version of the chromium-based browser you're using and the version number of the artifact is the same as Selenium's.
2024-12-21T16:53:54.491+01:00  INFO 22633 --- [    Test worker] com.orange.hrm.e2e.Hooks                 : Starting scenario: Successful login with valid credentials
]]></system-out>
  <system-err><![CDATA[]]></system-err>
</testsuite>
